Info: [VCS_SAVE_RESTORE_INFO] ASLR (Address Space Layout Randomization) is detected on the machine. To enable $save functionality, ASLR will be switched off and simv re-executed.
Please use '-no_save' simv switch to avoid this.



                              Fusion Compiler (TM)

                  Version U-2022.12 for linux64 - Dec 11, 2022
  This release has significant feature enhancements. Please review the Release
                       Notes associated with this release.

                    Copyright (c) 1988 - 2022 Synopsys, Inc.
   This software and the associated documentation are proprietary to Synopsys,
 Inc. This software may only be used in accordance with the terms and conditions
 of a written license agreement with Synopsys, Inc. All other use, reproduction,
   or distribution of this software is strictly prohibited.  Licensed Products
     communicate with Synopsys servers for the purpose of providing software
    updates, detecting software piracy and verifying that customers are using
    Licensed Products in conformity with the applicable License Key for such
  Licensed Products. Synopsys will use information gathered in connection with
    this process to deliver software updates and pursue software pirates and
                                   infringers.

 Inclusivity & Diversity - Visit SolvNetPlus to read the "Synopsys Statement on
            Inclusivity and Diversity" (Refer to article 000036315 at
                        https://solvnetplus.synopsys.com)
 
set DESIGN_NAME        "ch0re_pipeline"                 ; # set design name
ch0re_pipeline
set SRC_DIR            "[pwd]/../pipeline"                ; # Get current working directory
/home/orchiot/Ch0re/scripts/../pipeline
# these can be also set in .synopsys_dc.setup file in working directory
# always keep the asterisk in link_library
set target_library  {  /eda/tech-libs/SAED14/EDK/lib/stdcell_rvt/db_nldm/saed14rvt_tt0p8v25c.db /eda/tech-libs/SAED14/EDK/lib/sram/logic_synth/single/saed14sram_tt0p8v25c.db }
  /eda/tech-libs/SAED14/EDK/lib/stdcell_rvt/db_nldm/saed14rvt_tt0p8v25c.db /eda/tech-libs/SAED14/EDK/lib/sram/logic_synth/single/saed14sram_tt0p8v25c.db 
set link_library    {* /eda/tech-libs/SAED14/EDK/lib/stdcell_rvt/db_nldm/saed14rvt_tt0p8v25c.db /eda/tech-libs/SAED14/EDK/lib/sram/logic_synth/single/saed14sram_tt0p8v25c.db }
* /eda/tech-libs/SAED14/EDK/lib/stdcell_rvt/db_nldm/saed14rvt_tt0p8v25c.db /eda/tech-libs/SAED14/EDK/lib/sram/logic_synth/single/saed14sram_tt0p8v25c.db 
#read_verilog  ../source/johnson.v
## read command can be replaced with:
# Analyze
analyze -format sverilog [glob ${SRC_DIR}/*.sv]
Information: By default, the HDL template library is 'WORK' (LBR-??).
Running PRESTO HDLC
Compiling source file /home/orchiot/Ch0re/scripts/../pipeline/pipeline_reg_info.sv
Compiling source file /home/orchiot/Ch0re/scripts/../pipeline/ch0re_pipeline.sv
Opening include file pipeline/pipeline_reg_info.sv
Error:  /home/orchiot/Ch0re/scripts/../pipeline/ch0re_pipeline.sv:13: Unable to open file `pipeline/pipeline_reg_info.sv': No such file or directory. (VER-41)
*** Presto compilation terminated with 1 errors. ***
Error: Presto analyze failed 
Elapsed = 00:00:00.01, CPU = 00:00:00.01
0
# Elaborate
elaborate ${DESIGN_NAME}
Error: In elaborate -hdl_library WORK: Module 'ch0re_pipeline' cannot be found for elaboration. (ELAB-357)
Elapsed = 00:00:00.13, CPU = 00:00:00.10
0
#Set current design
current_design ${DESIGN_NAME}
Warning: Nothing implicitly matched 'ch0re_pipeline' (SEL-003)
Error: Nothing matched for design (SEL-005)
Information: script '/home/orchiot/Ch0re/scripts/compile.tcl'
            	stopped at line 18 due to error. (CMD-081)
Extended error info:

    while executing
"current_design ${DESIGN_NAME}"
    (file "/home/orchiot/Ch0re/scripts/compile.tcl" line 18)
 -- End Extended Error Info
fc_shell> exit
Maximum memory usage for this session: 330.90 MB
Maximum memory usage for this session including child processes: 330.90 MB
CPU usage for this session:     12 seconds (  0.00 hours)
Elapsed time for this session:    180 seconds (  0.05 hours)
Thank you for using Fusion Compiler.
